<?xml version="1.0" encoding="UTF-8"?>
<!-- Generated by org.testng.reporters.JUnitXMLReporter -->
<testsuite ignored="19" hostname="DESKTOP-CJN9AFV" failures="0" tests="1" name="Default test" time="3.701" errors="0" timestamp="2025-09-21T00:56:37 IST">
  <testcase classname="tests.restfulbooker.crud.TestCreateBooking" name="testCreateBookingPOST_NEGATIVE_BASE_URL" time="2.82"/>
  <testcase classname="tests.restfulbooker.crud.TestCreateBooking" name="testCreateBookingPOST_NEGATIVE_Invalid_Firstname" time="0.0">
    <ignored/>
  </testcase> <!-- testCreateBookingPOST_NEGATIVE_Invalid_Firstname -->
  <testcase classname="tests.restfulbooker.crud.TestCreateBooking" name="testCreateBookingPOST_NEGATIVE_Invalid_Lastname" time="0.0">
    <ignored/>
  </testcase> <!-- testCreateBookingPOST_NEGATIVE_Invalid_Lastname -->
  <testcase classname="tests.restfulbooker.crud.TestCreateBooking" name="testCreateBookingPOST_NEGATIVE_Invalid_CheckOutDate" time="0.0">
    <ignored/>
  </testcase> <!-- testCreateBookingPOST_NEGATIVE_Invalid_CheckOutDate -->
  <testcase classname="tests.restfulbooker.crud.TestCreateBooking" name="testCreateBookingPOST_NEGATIVE_Invalid_TotalPrice" time="0.0">
    <ignored/>
  </testcase> <!-- testCreateBookingPOST_NEGATIVE_Invalid_TotalPrice -->
  <testcase classname="tests.restfulbooker.crud.TestCreateBooking" name="testCreateBookingPOST_NEGATIVE_Invalid_AdditionalNeed" time="0.0">
    <ignored/>
  </testcase> <!-- testCreateBookingPOST_NEGATIVE_Invalid_AdditionalNeed -->
  <testcase classname="tests.restfulbooker.crud.TestCreateBooking" name="testCreateBookingPOST_NEGATIVE_WRONG" time="0.0">
    <ignored/>
  </testcase> <!-- testCreateBookingPOST_NEGATIVE_WRONG -->
  <testcase classname="tests.restfulbooker.crud.TestCreateBooking" name="testCreateBookingPOST_NEGATIVE_AdditionalNeeds_MISSING" time="0.0">
    <ignored/>
  </testcase> <!-- testCreateBookingPOST_NEGATIVE_AdditionalNeeds_MISSING -->
  <testcase classname="tests.restfulbooker.crud.TestCreateBooking" name="testCreateBookingPOST_POSITIVE_CHINISE" time="0.0">
    <ignored/>
  </testcase> <!-- testCreateBookingPOST_POSITIVE_CHINISE -->
  <testcase classname="tests.restfulbooker.crud.TestCreateBooking" name="testCreateBookingPOST_Positive" time="0.0">
    <ignored/>
  </testcase> <!-- testCreateBookingPOST_Positive -->
  <testcase classname="tests.restfulbooker.crud.TestCreateBooking" name="testCreateBookingPOST_NEGATIVE_BookingDates_MISSING" time="0.0">
    <ignored/>
  </testcase> <!-- testCreateBookingPOST_NEGATIVE_BookingDates_MISSING -->
  <testcase classname="tests.restfulbooker.crud.TestCreateBooking" name="testCreateBookingPOST_NEGATIVE_Invalid_CheckInDate" time="0.0">
    <ignored/>
  </testcase> <!-- testCreateBookingPOST_NEGATIVE_Invalid_CheckInDate -->
  <testcase classname="tests.restfulbooker.crud.TestCreateBooking" name="testCreateBookingPOST_Negative" time="0.0">
    <ignored/>
  </testcase> <!-- testCreateBookingPOST_Negative -->
  <testcase classname="tests.restfulbooker.crud.TestCreateBooking" name="testCreateBookingPOST_NEGATIVE_EntireWrongPayload" time="0.0">
    <ignored/>
  </testcase> <!-- testCreateBookingPOST_NEGATIVE_EntireWrongPayload -->
  <testcase classname="tests.restfulbooker.crud.TestCreateBooking" name="testCreateBookingPOST_POSITIVE_FAKER_RANDOM_DATA" time="0.0">
    <ignored/>
  </testcase> <!-- testCreateBookingPOST_POSITIVE_FAKER_RANDOM_DATA -->
  <testcase classname="tests.restfulbooker.crud.TestCreateBooking" name="testCreateBookingPOST_NEGATIVE_Invalid_DepositPaid" time="0.0">
    <ignored/>
  </testcase> <!-- testCreateBookingPOST_NEGATIVE_Invalid_DepositPaid -->
  <testcase classname="tests.restfulbooker.crud.TestCreateBooking" name="testCreateBookingPOST_NEGATIVE_DepositPaid_MISSING" time="0.0">
    <ignored/>
  </testcase> <!-- testCreateBookingPOST_NEGATIVE_DepositPaid_MISSING -->
  <testcase classname="tests.restfulbooker.crud.TestCreateBooking" name="testCreateBookingPOST_NEGATIVE_FIRSTNAME_MISSING" time="0.0">
    <ignored/>
  </testcase> <!-- testCreateBookingPOST_NEGATIVE_FIRSTNAME_MISSING -->
  <testcase classname="tests.restfulbooker.crud.TestCreateBooking" name="testCreateBookingPOST_NEGATIVE_Lastname_MISSING" time="0.0">
    <ignored/>
  </testcase> <!-- testCreateBookingPOST_NEGATIVE_Lastname_MISSING -->
  <testcase classname="tests.restfulbooker.crud.TestCreateBooking" name="testCreateBookingPOST_NEGATIVE_Totalprice_MISSING" time="0.0">
    <ignored/>
  </testcase> <!-- testCreateBookingPOST_NEGATIVE_Totalprice_MISSING -->
</testsuite> <!-- Default test -->
