<?xml version="1.0" encoding="UTF-8"?>
<!-- Generated by org.testng.reporters.JUnitXMLReporter -->
<testsuite ignored="0" hostname="DESKTOP-CJN9AFV" failures="0" tests="6" name="Test" time="10.633" errors="0" timestamp="2025-09-05T00:14:43 IST">
  <testcase classname="tests.restfulbooker.crud.TestCreateBooking" name="testCreateBookingPOST_NEGATIVE_BASE_URL" time="2.608"/>
  <testcase classname="tests.restfulbooker.crud.TestCreateBooking" name="testCreateBookingPOST_NEGATIVE_WRONG" time="1.507"/>
  <testcase classname="tests.restfulbooker.crud.TestCreateBooking" name="testCreateBookingPOST_Negative" time="1.407"/>
  <testcase classname="tests.restfulbooker.crud.TestCreateBooking" name="testCreateBookingPOST_POSITIVE_CHINISE" time="1.38"/>
  <testcase classname="tests.restfulbooker.crud.TestCreateBooking" name="testCreateBookingPOST_POSITIVE_FAKER_RANDOM_DATA" time="1.571"/>
  <testcase classname="tests.restfulbooker.crud.TestCreateBooking" name="testCreateBookingPOST_Positive" time="1.335"/>
</testsuite> <!-- Test -->
