<?xml version="1.0" encoding="UTF-8"?>
<!-- Generated by org.testng.reporters.JUnitXMLReporter -->
<testsuite ignored="0" hostname="DESKTOP-CJN9AFV" failures="0" tests="20" name="Test" time="18.107" errors="0" timestamp="2025-09-21T00:47:14 IST">
  <testcase classname="tests.restfulbooker.crud.TestCreateBooking" name="testCreateBookingPOST_Positive" time="3.621"/>
  <testcase classname="tests.restfulbooker.crud.TestCreateBooking" name="testCreateBookingPOST_Negative" time="1.414"/>
  <testcase classname="tests.restfulbooker.crud.TestCreateBooking" name="testCreateBookingPOST_POSITIVE_CHINISE" time="1.427"/>
  <testcase classname="tests.restfulbooker.crud.TestCreateBooking" name="testCreateBookingPOST_POSITIVE_FAKER_RANDOM_DATA" time="1.574"/>
  <testcase classname="tests.restfulbooker.crud.TestCreateBooking" name="testCreateBookingPOST_NEGATIVE_WRONG" time="1.801"/>
  <testcase classname="tests.restfulbooker.crud.TestCreateBooking" name="testCreateBookingPOST_NEGATIVE_BASE_URL" time="0.678"/>
  <testcase classname="tests.restfulbooker.crud.TestCreateBooking" name="testCreateBookingPOST_NEGATIVE_FIRSTNAME_MISSING" time="0.631"/>
  <testcase classname="tests.restfulbooker.crud.TestCreateBooking" name="testCreateBookingPOST_NEGATIVE_Lastname_MISSING" time="0.322"/>
  <testcase classname="tests.restfulbooker.crud.TestCreateBooking" name="testCreateBookingPOST_NEGATIVE_Totalprice_MISSING" time="0.308"/>
  <testcase classname="tests.restfulbooker.crud.TestCreateBooking" name="testCreateBookingPOST_NEGATIVE_DepositPaid_MISSING" time="0.529"/>
  <testcase classname="tests.restfulbooker.crud.TestCreateBooking" name="testCreateBookingPOST_NEGATIVE_BookingDates_MISSING" time="0.53"/>
  <testcase classname="tests.restfulbooker.crud.TestCreateBooking" name="testCreateBookingPOST_NEGATIVE_AdditionalNeeds_MISSING" time="0.307"/>
  <testcase classname="tests.restfulbooker.crud.TestCreateBooking" name="testCreateBookingPOST_NEGATIVE_Invalid_Firstname" time="0.495"/>
  <testcase classname="tests.restfulbooker.crud.TestCreateBooking" name="testCreateBookingPOST_NEGATIVE_Invalid_Lastname" time="0.497"/>
  <testcase classname="tests.restfulbooker.crud.TestCreateBooking" name="testCreateBookingPOST_NEGATIVE_Invalid_TotalPrice" time="0.29"/>
  <testcase classname="tests.restfulbooker.crud.TestCreateBooking" name="testCreateBookingPOST_NEGATIVE_Invalid_DepositPaid" time="0.524"/>
  <testcase classname="tests.restfulbooker.crud.TestCreateBooking" name="testCreateBookingPOST_NEGATIVE_Invalid_CheckInDate" time="0.288"/>
  <testcase classname="tests.restfulbooker.crud.TestCreateBooking" name="testCreateBookingPOST_NEGATIVE_Invalid_CheckOutDate" time="0.557"/>
  <testcase classname="tests.restfulbooker.crud.TestCreateBooking" name="testCreateBookingPOST_NEGATIVE_Invalid_AdditionalNeed" time="0.341"/>
  <testcase classname="tests.restfulbooker.crud.TestCreateBooking" name="testCreateBookingPOST_NEGATIVE_EntireWrongPayload" time="0.37"/>
</testsuite> <!-- Test -->
